<?xml version="1.0" encoding="UTF-8"?>
<!-- Generated by org.testng.reporters.JUnitReportReporter -->
<testsuite hostname="ZCHD-CQR-UTKARSH-SHWETAM" failures="0" tests="5" name="Apibookingtesting.bookingapitest.TestCases" time="8.891" errors="0" timestamp="30 May 2022 05:26:44 GMT" skipped="0">
  <testcase classname="Apibookingtesting.bookingapitest.TestCases" name="testCreateToken" time="2.586"/>
  <testcase classname="Apibookingtesting.bookingapitest.TestCases" name="testCreatebooking" time="1.939"/>
  <testcase classname="Apibookingtesting.bookingapitest.TestCases" name="testgetbookingid" time="1.507"/>
  <testcase classname="Apibookingtesting.bookingapitest.TestCases" name="testgetbooking" time="1.425"/>
  <testcase classname="Apibookingtesting.bookingapitest.TestCases" name="testHealthCheck" time="1.434"/>
</testsuite> <!-- Apibookingtesting.bookingapitest.TestCases -->
